2020-04-22 14:00:30 Error: [MissingViewException] View file "Posts\add.ctp" is missing.
Exception Attributes: array (
  'file' => 'Posts\\add.ctp',
)
Request URL: /posts/add
Stack Trace:
#0 C:\wamp64\www\lib\Cake\View\View.php(470): View->_getViewFileName('Posts\\add')
#1 C:\wamp64\www\lib\Cake\Controller\Controller.php(968): View->render(NULL, NULL)
#2 C:\wamp64\www\lib\Cake\Routing\Dispatcher.php(200): Controller->render()
#3 C:\wamp64\www\lib\Cake\Routing\Dispatcher.php(167): Dispatcher->_invoke(Object(PostsController), Object(CakeRequest))
#4 C:\wamp64\www\app\webroot\index.php(117): Dispatcher->dispatch(Object(CakeRequest), Object(CakeResponse))
#5 {main}
2020-04-22 14:05:20 Error: [NotFoundException] Invalid post
Request URL: /posts/edit
Stack Trace:
#0 [internal function]: PostsController->edit()
#1 C:\wamp64\www\lib\Cake\Controller\Controller.php(499): ReflectionMethod->invokeArgs(Object(PostsController), Array)
#2 C:\wamp64\www\lib\Cake\Routing\Dispatcher.php(193): Controller->invokeAction(Object(CakeRequest))
#3 C:\wamp64\www\lib\Cake\Routing\Dispatcher.php(167): Dispatcher->_invoke(Object(PostsController), Object(CakeRequest))
#4 C:\wamp64\www\app\webroot\index.php(117): Dispatcher->dispatch(Object(CakeRequest), Object(CakeResponse))
#5 {main}
2020-04-22 14:17:34 Error: [Error] Call to a member function allow() on null
Request URL: /users/login
Stack Trace:
#0 C:\wamp64\www\lib\Cake\Event\CakeEventManager.php(244): UsersController->beforeFilter(Object(CakeEvent))
#1 C:\wamp64\www\lib\Cake\Controller\Controller.php(682): CakeEventManager->dispatch(Object(CakeEvent))
#2 C:\wamp64\www\lib\Cake\Routing\Dispatcher.php(189): Controller->startupProcess()
#3 C:\wamp64\www\lib\Cake\Routing\Dispatcher.php(167): Dispatcher->_invoke(Object(UsersController), Object(CakeRequest))
#4 C:\wamp64\www\app\webroot\index.php(117): Dispatcher->dispatch(Object(CakeRequest), Object(CakeResponse))
#5 {main}
2020-04-22 14:17:37 Error: [Error] Call to a member function allow() on null
Request URL: /users/add
Stack Trace:
#0 C:\wamp64\www\lib\Cake\Event\CakeEventManager.php(244): UsersController->beforeFilter(Object(CakeEvent))
#1 C:\wamp64\www\lib\Cake\Controller\Controller.php(682): CakeEventManager->dispatch(Object(CakeEvent))
#2 C:\wamp64\www\lib\Cake\Routing\Dispatcher.php(189): Controller->startupProcess()
#3 C:\wamp64\www\lib\Cake\Routing\Dispatcher.php(167): Dispatcher->_invoke(Object(UsersController), Object(CakeRequest))
#4 C:\wamp64\www\app\webroot\index.php(117): Dispatcher->dispatch(Object(CakeRequest), Object(CakeResponse))
#5 {main}
2020-04-22 14:23:54 Error: [MissingViewException] View file "Users\index.ctp" is missing.
Exception Attributes: array (
  'file' => 'Users\\index.ctp',
)
Request URL: /users
Stack Trace:
#0 C:\wamp64\www\lib\Cake\View\View.php(470): View->_getViewFileName('Users\\index')
#1 C:\wamp64\www\lib\Cake\Controller\Controller.php(968): View->render(NULL, NULL)
#2 C:\wamp64\www\lib\Cake\Routing\Dispatcher.php(200): Controller->render()
#3 C:\wamp64\www\lib\Cake\Routing\Dispatcher.php(167): Dispatcher->_invoke(Object(UsersController), Object(CakeRequest))
#4 C:\wamp64\www\app\webroot\index.php(117): Dispatcher->dispatch(Object(CakeRequest), Object(CakeResponse))
#5 {main}
2020-04-22 14:29:03 Error: [MissingControllerException] Controller class LogoutController could not be found.
Exception Attributes: array (
  'class' => 'LogoutController',
  'plugin' => NULL,
)
Request URL: /logout
Stack Trace:
#0 C:\wamp64\www\app\webroot\index.php(117): Dispatcher->dispatch(Object(CakeRequest), Object(CakeResponse))
#1 {main}
2020-04-22 14:31:04 Error: [MissingViewException] View file "Users\index.ctp" is missing.
Exception Attributes: array (
  'file' => 'Users\\index.ctp',
)
Request URL: /users
Stack Trace:
#0 C:\wamp64\www\lib\Cake\View\View.php(470): View->_getViewFileName('Users\\index')
#1 C:\wamp64\www\lib\Cake\Controller\Controller.php(968): View->render(NULL, NULL)
#2 C:\wamp64\www\lib\Cake\Routing\Dispatcher.php(200): Controller->render()
#3 C:\wamp64\www\lib\Cake\Routing\Dispatcher.php(167): Dispatcher->_invoke(Object(UsersController), Object(CakeRequest))
#4 C:\wamp64\www\app\webroot\index.php(117): Dispatcher->dispatch(Object(CakeRequest), Object(CakeResponse))
#5 {main}
2020-04-22 14:38:28 Error: [MissingViewException] View file "Users\index.ctp" is missing.
Exception Attributes: array (
  'file' => 'Users\\index.ctp',
)
Request URL: /users
Stack Trace:
#0 C:\wamp64\www\lib\Cake\View\View.php(470): View->_getViewFileName('Users\\index')
#1 C:\wamp64\www\lib\Cake\Controller\Controller.php(968): View->render(NULL, NULL)
#2 C:\wamp64\www\lib\Cake\Routing\Dispatcher.php(200): Controller->render()
#3 C:\wamp64\www\lib\Cake\Routing\Dispatcher.php(167): Dispatcher->_invoke(Object(UsersController), Object(CakeRequest))
#4 C:\wamp64\www\app\webroot\index.php(117): Dispatcher->dispatch(Object(CakeRequest), Object(CakeResponse))
#5 {main}
2020-04-22 14:41:58 Error: [MissingActionException] Action PostsController::7() could not be found.
Exception Attributes: array (
  'controller' => 'PostsController',
  'action' => '7',
)
Request URL: /posts/7
Stack Trace:
#0 C:\wamp64\www\lib\Cake\Routing\Dispatcher.php(193): Controller->invokeAction(Object(CakeRequest))
#1 C:\wamp64\www\lib\Cake\Routing\Dispatcher.php(167): Dispatcher->_invoke(Object(PostsController), Object(CakeRequest))
#2 C:\wamp64\www\app\webroot\index.php(117): Dispatcher->dispatch(Object(CakeRequest), Object(CakeResponse))
#3 {main}
2020-04-23 05:17:58 Error: [MissingViewException] View file "Users\index.ctp" is missing.
Exception Attributes: array (
  'file' => 'Users\\index.ctp',
)
Request URL: /users
Stack Trace:
#0 C:\wamp64\www\lib\Cake\View\View.php(470): View->_getViewFileName('Users\\index')
#1 C:\wamp64\www\lib\Cake\Controller\Controller.php(968): View->render(NULL, NULL)
#2 C:\wamp64\www\lib\Cake\Routing\Dispatcher.php(200): Controller->render()
#3 C:\wamp64\www\lib\Cake\Routing\Dispatcher.php(167): Dispatcher->_invoke(Object(UsersController), Object(CakeRequest))
#4 C:\wamp64\www\app\webroot\index.php(117): Dispatcher->dispatch(Object(CakeRequest), Object(CakeResponse))
#5 {main}
2020-04-23 05:38:10 Error: [MissingControllerException] Controller class LogoutController could not be found.
Exception Attributes: array (
  'class' => 'LogoutController',
  'plugin' => NULL,
)
Request URL: /logout
Stack Trace:
#0 C:\wamp64\www\app\webroot\index.php(117): Dispatcher->dispatch(Object(CakeRequest), Object(CakeResponse))
#1 {main}
2020-04-23 06:01:35 Error: [MissingControllerException] Controller class LogoutController could not be found.
Exception Attributes: array (
  'class' => 'LogoutController',
  'plugin' => NULL,
)
Request URL: /logout
Stack Trace:
#0 C:\wamp64\www\app\webroot\index.php(117): Dispatcher->dispatch(Object(CakeRequest), Object(CakeResponse))
#1 {main}
2020-04-23 09:46:01 Error: [MissingControllerException] Controller class HNAP1Controller could not be found.
Exception Attributes: array (
  'class' => 'HNAP1Controller',
  'plugin' => NULL,
)
Request URL: /HNAP1/
Stack Trace:
#0 C:\wamp64\www\app\webroot\index.php(117): Dispatcher->dispatch(Object(CakeRequest), Object(CakeResponse))
#1 {main}
